<?xml version="1.0" encoding="UTF-8"?>
<testng-results skipped="0" failed="0" ignored="0" total="1" passed="1">
  <reporter-output>
    <line>
      <![CDATA[STEP1]]>
    </line>
    <line>
      <![CDATA[STEP2]]>
    </line>
    <line>
      <![CDATA[STEP3]]>
    </line>
  </reporter-output>
  <suite name="Suite" duration-ms="8731" started-at="2021-01-27T03:01:39Z" finished-at="2021-01-27T03:01:47Z">
    <groups>
    </groups>
    <test name="Test" duration-ms="8731" started-at="2021-01-27T03:01:39Z" finished-at="2021-01-27T03:01:47Z">
      <class name="com.maven.selenium.Maven_Test">
        <test-method status="PASS" signature="browser_launch()[pri:0, instance:com.maven.selenium.Maven_Test@3a03464]" name="browser_launch" duration-ms="8696" started-at="2021-01-27T03:01:39Z" finished-at="2021-01-27T03:01:47Z">
          <reporter-output>
            <line>
              <![CDATA[STEP1]]>
            </line>
            <line>
              <![CDATA[STEP2]]>
            </line>
            <line>
              <![CDATA[STEP3]]>
            </line>
          </reporter-output>
        </test-method> <!-- browser_launch -->
      </class> <!-- com.maven.selenium.Maven_Test -->
    </test> <!-- Test -->
  </suite> <!-- Suite -->
</testng-results>
