<?xml version="1.0" encoding="UTF-8"?>
<!-- Generated by org.testng.reporters.JUnitXMLReporter -->
<testsuite hostname="AGLS-LT-272" ignored="3" name="Groups" tests="3" failures="0" timestamp="21 Jan 2021 08:53:23 GMT" time="11.003" errors="0">
  <testcase name="from_Test" time="0.01" classname="testNG_Practice.Test3"/>
  <testcase name="from_Test" time="10.954" classname="testNG_Practice.Test1"/>
  <testcase name="from_Test" time="0.001" classname="testNG_Practice.Test2"/>
  <testcase name="from_Test" time="0.0" classname="testNG_Practice.Test6">
    <ignored/>
  </testcase> <!-- from_Test -->
  <testcase name="from_Test" time="0.0" classname="testNG_Practice.Test4">
    <ignored/>
  </testcase> <!-- from_Test -->
  <testcase name="from_Test" time="0.0" classname="testNG_Practice.Test5">
    <ignored/>
  </testcase> <!-- from_Test -->
</testsuite> <!-- Groups -->
