<?xml version="1.0" encoding="UTF-8"?>
<!-- Generated by org.testng.reporters.JUnitXMLReporter -->
<testsuite hostname="AGLS-LT-272" ignored="0" name="Test 1 to 3" tests="3" failures="0" timestamp="17 Jan 2021 12:14:54 GMT" time="0.037" errors="0">
  <testcase name="from_Test" time="0.01" classname="testNG_Practice.Test1"/>
  <testcase name="from_Test" time="0.001" classname="testNG_Practice.Test2"/>
  <testcase name="from_Test" time="0.002" classname="testNG_Practice.Test3"/>
</testsuite> <!-- Test 1 to 3 -->
