<?xml version="1.0" encoding="UTF-8"?>
<testng-results skipped="0" failed="0" total="1" passed="1">
  <reporter-output>
  </reporter-output>
  <suite name="Default suite" duration-ms="7946" started-at="2021-01-26T13:36:08Z" finished-at="2021-01-26T13:36:16Z">
    <groups>
    </groups>
    <test name="Default test" duration-ms="7946" started-at="2021-01-26T13:36:08Z" finished-at="2021-01-26T13:36:16Z">
      <class name="com.practice.selenium.DemoforMaven">
        <test-method status="PASS" signature="testHello()" name="testHello" duration-ms="7936" started-at="2021-01-26T13:36:08Z" finished-at="2021-01-26T13:36:16Z">
        </test-method>
      </class>
    </test>
  </suite>
</testng-results>
