<?xml version="1.0" encoding="UTF-8"?>
<testng-results skipped="0" failed="0" ignored="3" total="6" passed="3">
  <reporter-output>
  </reporter-output>
  <suite name="Suite" duration-ms="11003" started-at="2021-01-21T08:53:12Z" finished-at="2021-01-21T08:53:23Z">
    <groups>
      <group name="sanity">
        <method signature="Test1.from_Test()[pri:0, instance:testNG_Practice.Test1@3aa9e816]" name="from_Test" class="testNG_Practice.Test1"/>
        <method signature="Test2.from_Test()[pri:0, instance:testNG_Practice.Test2@17d99928]" name="from_Test" class="testNG_Practice.Test2"/>
        <method signature="Test3.from_Test()[pri:0, instance:testNG_Practice.Test3@7cdbc5d3]" name="from_Test" class="testNG_Practice.Test3"/>
      </group> <!-- sanity -->
    </groups>
    <test name="Groups" duration-ms="11003" started-at="2021-01-21T08:53:12Z" finished-at="2021-01-21T08:53:23Z">
      <class name="testNG_Practice.Test2">
        <test-method status="PASS" signature="from_Test()[pri:0, instance:testNG_Practice.Test2@17d99928]" name="from_Test" duration-ms="1" started-at="2021-01-21T08:53:23Z" finished-at="2021-01-21T08:53:23Z">
          <reporter-output>
          </reporter-output>
        </test-method> <!-- from_Test -->
      </class> <!-- testNG_Practice.Test2 -->
      <class name="testNG_Practice.Test1">
        <test-method status="PASS" signature="from_Test()[pri:0, instance:testNG_Practice.Test1@3aa9e816]" name="from_Test" duration-ms="10954" started-at="2021-01-21T08:53:12Z" finished-at="2021-01-21T08:53:23Z">
          <reporter-output>
          </reporter-output>
        </test-method> <!-- from_Test -->
      </class> <!-- testNG_Practice.Test1 -->
      <class name="testNG_Practice.Test3">
        <test-method status="PASS" signature="from_Test()[pri:0, instance:testNG_Practice.Test3@7cdbc5d3]" name="from_Test" duration-ms="10" started-at="2021-01-21T08:53:12Z" finished-at="2021-01-21T08:53:12Z">
          <reporter-output>
          </reporter-output>
        </test-method> <!-- from_Test -->
      </class> <!-- testNG_Practice.Test3 -->
    </test> <!-- Groups -->
  </suite> <!-- Suite -->
</testng-results>
